<?xml version="1.0" encoding="UTF-8"?>
<!-- Generated by org.testng.reporters.JUnitXMLReporter -->
<testsuite ignored="0" hostname="NAIR" failures="1" tests="1" name="Default test(failed)" time="51.937" errors="0" timestamp="2024-04-11T17:41:51 IST">
  <testcase classname="tests.methodcall" name="testing" time="0.132">
    <failure type="java.lang.IllegalArgumentException" message="Driver must be set">
      <![CDATA[java.lang.IllegalArgumentException: Driver must be set
at org.openqa.selenium.internal.Require.nonNull(Require.java:60)
at org.openqa.selenium.interactions.Actions.<init>(Actions.java:59)
at pages.methods.<init>(methods.java:11)
at tests.methodcall.testing(methodcall.java:31)
at java.base/java.util.ArrayList.forEach(ArrayList.java:1596)
... Removed 25 stack frames]]>
    </failure>
  </testcase> <!-- testing -->
</testsuite> <!-- Default test(failed) -->
